0 info it worked if it ends with ok
1 verbose cli [ '/share/CACHEDEV1_DATA/.qpkg/Entware-ng/bin/node',
1 verbose cli   '/opt/bin/npm',
1 verbose cli   'publish' ]
2 info using npm@3.10.10
3 info using node@v8.0.0
4 verbose publish [ '.' ]
5 silly cache add args [ '.', null ]
6 verbose cache add spec .
7 silly cache add parsed spec Result {
7 silly cache add   raw: '.',
7 silly cache add   scope: null,
7 silly cache add   escapedName: null,
7 silly cache add   name: null,
7 silly cache add   rawSpec: '.',
7 silly cache add   spec: '/share/CACHEDEV1_DATA/Develop/homebridge-http-accessory',
7 silly cache add   type: 'directory' }
8 verbose addLocalDirectory /root/.npm/homebridge-http-accessory/1.1.1/package.tgz not in flight; packing
9 verbose correctMkdir /root/.npm correctMkdir not in flight; initializing
10 info lifecycle homebridge-http-accessory@1.1.1~prepublish: homebridge-http-accessory@1.1.1
11 silly lifecycle homebridge-http-accessory@1.1.1~prepublish: no script for prepublish, continuing
12 verbose tar pack [ '/root/.npm/homebridge-http-accessory/1.1.1/package.tgz',
12 verbose tar pack   '/share/CACHEDEV1_DATA/Develop/homebridge-http-accessory' ]
13 verbose tarball /root/.npm/homebridge-http-accessory/1.1.1/package.tgz
14 verbose folder /share/CACHEDEV1_DATA/Develop/homebridge-http-accessory
15 verbose addLocalTarball adding from inside cache /root/.npm/homebridge-http-accessory/1.1.1/package.tgz
16 verbose correctMkdir /root/.npm correctMkdir not in flight; initializing
17 silly cache afterAdd homebridge-http-accessory@1.1.1
18 verbose afterAdd /root/.npm/homebridge-http-accessory/1.1.1/package/package.json not in flight; writing
19 verbose correctMkdir /root/.npm correctMkdir not in flight; initializing
20 verbose afterAdd /root/.npm/homebridge-http-accessory/1.1.1/package/package.json written
21 silly publish { name: 'homebridge-http-accessory',
21 silly publish   version: '1.1.1',
21 silly publish   description: 'http plugin for homebridge: https://github.com/nfarina/homebridge',
21 silly publish   license: 'ISC',
21 silly publish   keywords: [ 'homebridge-plugin' ],
21 silly publish   engines: { node: '>=0.12.0', homebridge: '>=0.4.0' },
21 silly publish   author: { name: 'tasict' },
21 silly publish   repository:
21 silly publish    { type: 'git',
21 silly publish      url: 'git+https://github.com/tasict/homebridge-http-accessory.git' },
21 silly publish   dependencies:
21 silly publish    { request: '^2.65.0',
21 silly publish      'polling-to-event': '>=2.0.2',
21 silly publish      'hap-nodejs': '>=0.4.25' },
21 silly publish   homepage: 'https://github.com/tasict/homebridge-http-accessory#readme',
21 silly publish   readme: '# homebridge http accessory\n\nSupports all devices on HomeBridge Platform / Bridges devices to http\n\n# Installation\n\n1. Install homebridge using: npm install -g homebridge\n2. Install this plugin using: npm install -g homebridge-http-accessory\n3. Update your configuration file. See sample-config.json in this repository for a sample. \n\n# Configuration\n\nConfiguration sample:\n\n ```\n {\n\t"bridge": {\n\t\t"name": "Homebridge",\n\t\t"username": "C1:38:5A:AC:39:30",\n\t\t"port": 51826,\n\t\t"pin": "123-45-678"\n\t},\n\t"description": "This is an example configuration for the Everything Homebridge plugin",\n\t"accessories": [\n\t\t{\n\t\t\t"accessory": "HttpAccessory",\n\t\t\t"service": "Thermostat",\n\t\t\t"name": "Thermostat (Maison)",\n\t\t\t"apiBaseUrl": "http://localhost:8080/thermostat",\n\t\t\t"apiSuffixUrl": "",\n\t\t\t"forceRefreshDelay": 0\n\t\t},\n\t\t{\n\t\t\t"accessory": "HttpAccessory",\n\t\t\t"service": "Thermostat",\n\t\t\t"name": "Fan",\n\t\t\t"apiBaseUrl": "http://localhost:8080/fan",\n\t\t\t"apiSuffixUrl": "",\n\t\t\t"forceRefreshDelay": 0,\n\t\t\t"optionCharacteristic": ["RotationSpeed"]\n\t\t},\n\t\t{\n\t\t\t"accessory": "HttpAccessory",\n\t\t\t"service": "Switch",\n\t\t\t"name": "Force Chauffe-eau",\n\t\t\t"apiBaseUrl": "http://localhost:8080/switch",\n\t\t\t"apiSuffixUrl": "",\n\t\t\t"forceRefreshDelay": 0\n\t\t}\n\t\t\n\t\t\n\t],\n\t"platforms": []\n}\n```\n# Supported services\n\nAccessoryInformation\nAirQualitySensor\nBatteryService \nBridgeConfiguration\nBridgingState\nCameraControl\nCameraRTPStreamManagement\nCarbonDioxideSensor\nCarbonMonoxideSensor\nContactSensor\nDoor\nDoorbell\nFan\nGarageDoorOpener\nHumiditySensor\nLeakSensor\nLightSensor\nLightbulb\nLockManagement\nLockMechanism\nMicrophone\nMotionSensor\nOccupancySensor\nOutlet\nPairing\nProtocolInformation\nRelay\nSecuritySystem\nSmokeSensor\nSpeaker\nStatefulProgrammableSwitch\nStatelessProgrammableSwitch\nSwitch\nTemperatureSensor\nThermostat\nTimeInformation\nTunneledBTLEAccessoryService\nWindow\nWindowCovering  \n\n# API Expectations\n\n\n',
21 silly publish   readmeFilename: 'README.md',
21 silly publish   gitHead: '9cbc3838e67a0081feb81bea3162ccf1d84a887a',
21 silly publish   bugs: { url: 'https://github.com/tasict/homebridge-http-accessory/issues' },
21 silly publish   _id: 'homebridge-http-accessory@1.1.1',
21 silly publish   scripts: {},
21 silly publish   _shasum: 'b564be2e7a3bec5323951c8ea37083bbf9972417',
21 silly publish   _from: '.' }
22 verbose getPublishConfig undefined
23 silly mapToRegistry name homebridge-http-accessory
24 silly mapToRegistry using default registry
25 silly mapToRegistry registry https://registry.npmjs.org/
26 silly mapToRegistry data Result {
26 silly mapToRegistry   raw: 'homebridge-http-accessory',
26 silly mapToRegistry   scope: null,
26 silly mapToRegistry   escapedName: 'homebridge-http-accessory',
26 silly mapToRegistry   name: 'homebridge-http-accessory',
26 silly mapToRegistry   rawSpec: '',
26 silly mapToRegistry   spec: 'latest',
26 silly mapToRegistry   type: 'tag' }
27 silly mapToRegistry uri https://registry.npmjs.org/homebridge-http-accessory
28 verbose publish registryBase https://registry.npmjs.org/
29 silly publish uploading /root/.npm/homebridge-http-accessory/1.1.1/package.tgz
30 verbose request uri https://registry.npmjs.org/homebridge-http-accessory
31 verbose request sending authorization for write operation
32 info attempt registry request try #1 at 18:00:14
33 verbose request using bearer token for auth
34 verbose request id afd29a294a0d58ce
35 http request PUT https://registry.npmjs.org/homebridge-http-accessory
36 http 403 https://registry.npmjs.org/homebridge-http-accessory
37 verbose headers { 'content-type': 'application/json',
37 verbose headers   'cache-control': 'max-age=300',
37 verbose headers   'content-length': '95',
37 verbose headers   'accept-ranges': 'bytes',
37 verbose headers   date: 'Mon, 12 Jun 2017 10:00:15 GMT',
37 verbose headers   via: '1.1 varnish',
37 verbose headers   connection: 'keep-alive',
37 verbose headers   'x-served-by': 'cache-itm7421-ITM',
37 verbose headers   'x-cache': 'MISS',
37 verbose headers   'x-cache-hits': '0',
37 verbose headers   'x-timer': 'S1497261615.231946,VS0,VE338',
37 verbose headers   vary: 'Accept-Encoding' }
38 verbose request invalidating /root/.npm/registry.npmjs.org/homebridge-http-accessory on PUT
39 error publish Failed PUT 403
40 verbose stack Error: "You cannot publish over the previously published version 1.1.1." : homebridge-http-accessory
40 verbose stack     at makeError (/share/CACHEDEV1_DATA/.qpkg/Entware-ng/lib/node_modules/npm/node_modules/npm-registry-client/lib/request.js:302:12)
40 verbose stack     at CachingRegistryClient.<anonymous> (/share/CACHEDEV1_DATA/.qpkg/Entware-ng/lib/node_modules/npm/node_modules/npm-registry-client/lib/request.js:290:14)
40 verbose stack     at Request._callback (/share/CACHEDEV1_DATA/.qpkg/Entware-ng/lib/node_modules/npm/node_modules/npm-registry-client/lib/request.js:210:14)
40 verbose stack     at Request.self.callback (/share/CACHEDEV1_DATA/.qpkg/Entware-ng/lib/node_modules/npm/node_modules/request/request.js:187:22)
40 verbose stack     at emitTwo (events.js:125:13)
40 verbose stack     at Request.emit (events.js:213:7)
40 verbose stack     at Request.<anonymous> (/share/CACHEDEV1_DATA/.qpkg/Entware-ng/lib/node_modules/npm/node_modules/request/request.js:1048:10)
40 verbose stack     at emitOne (events.js:115:13)
40 verbose stack     at Request.emit (events.js:210:7)
40 verbose stack     at IncomingMessage.<anonymous> (/share/CACHEDEV1_DATA/.qpkg/Entware-ng/lib/node_modules/npm/node_modules/request/request.js:969:12)
41 verbose statusCode 403
42 verbose pkgid homebridge-http-accessory
43 verbose cwd /share/CACHEDEV1_DATA/Develop/homebridge-http-accessory
44 error Linux 4.2.8
45 error argv "/share/CACHEDEV1_DATA/.qpkg/Entware-ng/bin/node" "/opt/bin/npm" "publish"
46 error node v8.0.0
47 error npm  v3.10.10
48 error code E403
49 error "You cannot publish over the previously published version 1.1.1." : homebridge-http-accessory
50 error If you need help, you may report this error at:
50 error     <https://github.com/npm/npm/issues>
51 verbose exit [ 1, true ]
